<?xml version="1.0" encoding="UTF-8"?>
<!-- Generated by org.testng.reporters.JUnitReportReporter -->
<testsuite skipped="0" hostname="apples-MBP" name="com.amzaon.auto.amazon_aotumation.AmazinLandingPage" tests="1" failures="0" timestamp="11 ספט 2018 08:12:04 GMT" time="25.836" errors="0">
  <testcase name="serchInTextBox" time="25.836" classname="com.amzaon.auto.amazon_aotumation.AmazinLandingPage"/>
</testsuite> <!-- com.amzaon.auto.amazon_aotumation.AmazinLandingPage -->
