<?xml version="1.0" encoding="UTF-8"?>
<!-- Generated by org.testng.reporters.JUnitReportReporter -->
<testsuite skipped="0" hostname="apples-MBP" name="com.autoworks.inmanage.tests.HeaderLogoTests" tests="2" failures="0" timestamp="29 ספט 2018 12:28:38 GMT" time="9.235" errors="0">
  <testcase name="isreturnToMainPage" time="0.048" classname="com.autoworks.inmanage.tests.HeaderLogoTests"/>
  <testcase name="clickOnHeaderLogo" time="9.187" classname="com.autoworks.inmanage.tests.HeaderLogoTests"/>
</testsuite> <!-- com.autoworks.inmanage.tests.HeaderLogoTests -->
