<?xml version="1.0" encoding="UTF-8"?>
<!-- Generated by org.testng.reporters.JUnitReportReporter -->
<testsuite skipped="0" hostname="apples-MBP" name="com.amzaon.auto.amazon_aotumation.Testing1" tests="1" failures="0" timestamp="15 ספט 2018 09:29:07 GMT" time="17.711" errors="0">
  <testcase name="amazonTestMathod" time="17.711" classname="com.amzaon.auto.amazon_aotumation.Testing1"/>
</testsuite> <!-- com.amzaon.auto.amazon_aotumation.Testing1 -->
