<?xml version="1.0" encoding="UTF-8"?>
<!-- Generated by org.testng.reporters.JUnitReportReporter -->
<testsuite skipped="0" hostname="apples-MBP" name="com.amzaon.auto.amazon_aotumation.AutoworkTesting" tests="1" failures="0" timestamp="15 ספט 2018 09:43:50 GMT" time="10.310" errors="0">
  <testcase name="amazonTestMathod" time="10.310" classname="com.amzaon.auto.amazon_aotumation.AutoworkTesting"/>
</testsuite> <!-- com.amzaon.auto.amazon_aotumation.AutoworkTesting -->
